
2025-11-28 20:21:26,078 - valutetrade_hub.parser_service.updater - INFO - Starting rates update...
2025-11-28 20:21:26,078 - valutetrade_hub.parser_service.updater - INFO - Fetching from coingecko...
2025-11-28 20:21:26,589 - valutetrade_hub.parser_service.updater - INFO - Fetching from coingecko... OK (3 rates)
2025-11-28 20:21:26,589 - valutetrade_hub.parser_service.updater - INFO - Fetching from exchangerate...
2025-11-28 20:21:27,192 - valutetrade_hub.parser_service.updater - INFO - Fetching from exchangerate... OK (3 rates)
2025-11-28 20:21:27,192 - valutetrade_hub.parser_service.updater - INFO - Update successful. Total rates updated: 6. Last refresh: 2025-11-28T17:21:27.192520Z
2025-11-28 20:24:37,818 - valutetrade_hub.logging_config - INFO - User None: Starting get_exchange_rate
2025-11-28 20:24:37,822 - valutetrade_hub.logging_config - INFO - User None: Completed get_exchange_rate in 0.00s
2025-11-29 02:59:05,720 - valutetrade_hub.logging_config - INFO - User None: Starting get_exchange_rate
2025-11-29 02:59:05,723 - valutetrade_hub.logging_config - INFO - User None: Completed get_exchange_rate in 0.00s
2025-12-01 00:01:23,488 - valutetrade_hub.logging_config - INFO - User None: Starting user_registration
2025-12-01 00:01:23,489 - valutetrade_hub.logging_config - WARNING - Failed to load users from file
2025-12-01 00:01:23,491 - valutetrade_hub.logging_config - INFO - User None: Completed user_registration in 0.00s
2025-12-01 00:01:49,024 - valutetrade_hub.logging_config - INFO - User None: Starting user_login
2025-12-01 00:01:49,026 - valutetrade_hub.logging_config - INFO - User None: Completed user_login in 0.00s
2025-12-01 00:02:08,938 - valutetrade_hub.logging_config - INFO - User 1: Starting buy_currency
2025-12-01 00:02:08,940 - valutetrade_hub.logging_config - INFO - User 1: Completed buy_currency in 0.00s
2025-12-01 00:02:29,229 - valutetrade_hub.logging_config - INFO - User 1: Starting get_portfolio_info
2025-12-01 00:02:29,234 - valutetrade_hub.logging_config - INFO - User 1: Completed get_portfolio_info in 0.00s
2025-12-01 00:02:51,441 - valutetrade_hub.logging_config - INFO - User 1: Starting sell_currency
2025-12-01 00:02:51,443 - valutetrade_hub.logging_config - INFO - User 1: Completed sell_currency in 0.00s
2025-12-01 00:03:05,750 - valutetrade_hub.logging_config - INFO - User 1: Starting get_portfolio_info
2025-12-01 00:03:05,755 - valutetrade_hub.logging_config - INFO - User 1: Completed get_portfolio_info in 0.01s
2025-12-01 00:04:32,971 - valutetrade_hub.logging_config - INFO - User None: Starting user_registration
2025-12-01 00:04:32,973 - valutetrade_hub.logging_config - INFO - User None: Completed user_registration in 0.00s
2025-12-01 00:05:14,813 - valutetrade_hub.logging_config - INFO - User None: Starting user_registration
2025-12-01 00:05:14,814 - valutetrade_hub.logging_config - WARNING - Failed to load users from file
2025-12-01 00:05:14,814 - valutetrade_hub.logging_config - INFO - User None: Completed user_registration in 0.00s
2025-12-01 00:05:29,624 - valutetrade_hub.logging_config - INFO - User None: Starting user_login
2025-12-01 00:05:29,626 - valutetrade_hub.logging_config - INFO - User None: Completed user_login in 0.00s
2025-12-01 00:05:46,269 - valutetrade_hub.logging_config - INFO - User 1: Starting buy_currency
2025-12-01 00:05:46,271 - valutetrade_hub.logging_config - INFO - User 1: Completed buy_currency in 0.00s
2025-12-01 00:05:52,855 - valutetrade_hub.logging_config - INFO - User 1: Starting get_portfolio_info
2025-12-01 00:05:52,856 - valutetrade_hub.logging_config - INFO - User 1: Completed get_portfolio_info in 0.00s
2025-12-01 00:06:13,167 - valutetrade_hub.logging_config - INFO - User 1: Starting buy_currency
2025-12-01 00:06:13,169 - valutetrade_hub.logging_config - INFO - User 1: Completed buy_currency in 0.00s
2025-12-01 00:06:38,087 - valutetrade_hub.logging_config - INFO - User 1: Starting buy_currency
2025-12-01 00:06:38,090 - valutetrade_hub.logging_config - INFO - User 1: Completed buy_currency in 0.00s
2025-12-01 00:06:55,638 - valutetrade_hub.logging_config - INFO - User 1: Starting get_portfolio_info
2025-12-01 00:06:55,640 - valutetrade_hub.logging_config - INFO - User 1: Completed get_portfolio_info in 0.00s
2025-12-01 00:10:18,285 - valutetrade_hub.logging_config - INFO - User None: Starting user_login
2025-12-01 00:10:18,287 - valutetrade_hub.logging_config - INFO - User None: Completed user_login in 0.00s
2025-12-01 00:11:12,729 - valutetrade_hub.logging_config - INFO - User 1: Starting buy_currency
2025-12-01 00:11:12,731 - valutetrade_hub.logging_config - INFO - User 1: Completed buy_currency in 0.00s
2025-12-01 00:14:23,257 - valutetrade_hub.logging_config - INFO - User 1: Starting buy_currency
2025-12-01 00:14:23,260 - valutetrade_hub.logging_config - INFO - User 1: Completed buy_currency in 0.00s
